<?xml version="1.0" encoding="UTF-8"?>
<!-- Generated by org.testng.reporters.JUnitXMLReporter -->
<testsuite ignored="4" hostname="Ryota" failures="0" tests="1" name="Default test" time="16.971" errors="0" timestamp="2024-09-10T23:37:01 AST">
  <testcase classname="demoqa.Elements" name="doubleClick" time="13.156"/>
  <testcase classname="demoqa.Elements" name="textArea" time="0.0">
    <ignored/>
  </testcase> <!-- textArea -->
  <testcase classname="demoqa.Elements" name="radio" time="0.0">
    <ignored/>
  </testcase> <!-- radio -->
  <testcase classname="demoqa.Elements" name="webtables" time="0.0">
    <ignored/>
  </testcase> <!-- webtables -->
  <testcase classname="demoqa.Elements" name="checkBox" time="0.0">
    <ignored/>
  </testcase> <!-- checkBox -->
</testsuite> <!-- Default test -->
