<?xml version="1.0" encoding="UTF-8"?>
<testng-results ignored="4" total="5" passed="1" failed="0" skipped="0">
  <reporter-output>
  </reporter-output>
  <suite started-at="2024-09-10T23:36:44 AST" name="Default suite" finished-at="2024-09-10T23:37:01 AST" duration-ms="16971">
    <groups>
    </groups>
    <test started-at="2024-09-10T23:36:44 AST" name="Default test" finished-at="2024-09-10T23:37:01 AST" duration-ms="16971">
      <class name="demoqa.Elements">
        <test-method is-config="true" signature="mySetup()[pri:0, instance:demoqa.Elements@4eed46ee]" started-at="2024-09-10T23:36:44 AST" name="mySetup" finished-at="2024-09-10T23:36:48 AST" duration-ms="3775" status="PASS">
          <reporter-output>
          </reporter-output>
        </test-method> <!-- mySetup -->
        <test-method signature="doubleClick()[pri:0, instance:demoqa.Elements@4eed46ee]" started-at="2024-09-10T23:36:48 AST" name="doubleClick" finished-at="2024-09-10T23:37:01 AST" duration-ms="13156" status="PASS">
          <reporter-output>
          </reporter-output>
        </test-method> <!-- doubleClick -->
      </class> <!-- demoqa.Elements -->
    </test> <!-- Default test -->
  </suite> <!-- Default suite -->
</testng-results>
